<?xml version="1.0" encoding="UTF-8"?>
<!-- Generated by org.testng.reporters.JUnitReportReporter -->
<testsuite skipped="0" hostname="DESKTOP-varun" name="com.vtiger.pomtest.CreateOrganizationTest" tests="2" failures="0" timestamp="2021-11-14T10:56:34 IST" time="31.420" errors="0">
  <testcase name="createOrganization" time="15.811" classname="com.vtiger.pomtest.CreateOrganizationTest"/>
  <system-out/>
  <testcase name="createOrganizationWithIndustry_Type" time="15.609" classname="com.vtiger.pomtest.CreateOrganizationTest"/>
  <system-out/>
</testsuite> <!-- com.vtiger.pomtest.CreateOrganizationTest -->
