<?xml version="1.0" encoding="UTF-8"?>
<!-- Generated by org.testng.reporters.JUnitReportReporter -->
<testsuite skipped="0" hostname="DESKTOP-varun" name="Practice.TestNG" tests="2" failures="0" timestamp="2021-11-14T10:56:34 IST" time="0.003" errors="0">
  <testcase name="xtest" time="0.001" classname="Practice.TestNG"/>
  <system-out/>
  <testcase name="atest" time="0.002" classname="Practice.TestNG"/>
  <system-out/>
</testsuite> <!-- Practice.TestNG -->
