<?xml version="1.0" encoding="UTF-8"?>
<!-- Generated by org.testng.reporters.JUnitReportReporter -->
<testsuite skipped="0" hostname="DESKTOP-varun" name="com.vtiger.pomtest.CreateContactTest" tests="2" failures="0" timestamp="2021-11-14T10:56:34 IST" time="72.728" errors="0">
  <testcase name="createContactWithOrgName" time="28.902" classname="com.vtiger.pomtest.CreateContactTest"/>
  <system-out/>
  <testcase name="createContact" time="43.826" classname="com.vtiger.pomtest.CreateContactTest"/>
  <system-out/>
</testsuite> <!-- com.vtiger.pomtest.CreateContactTest -->
