<?xml version="1.0" encoding="UTF-8"?>
<!-- Generated by org.testng.reporters.JUnitReportReporter -->
<testsuite skipped="0" hostname="DESKTOP-varun" name="Practice.CreateOrganizationWithIndustryTypeTest" tests="1" failures="0" timestamp="2021-11-14T10:56:34 IST" time="27.972" errors="0">
  <testcase name="createOrganizationCreateOrganizationWithIndustryType" time="27.972" classname="Practice.CreateOrganizationWithIndustryTypeTest"/>
  <system-out/>
</testsuite> <!-- Practice.CreateOrganizationWithIndustryTypeTest -->
