<?xml version="1.0" encoding="UTF-8"?>
<!-- Generated by org.testng.reporters.JUnitReportReporter -->
<testsuite hostname="DESKTOP-varun" failures="0" tests="1" name="com.vtiger.project.Create" time="27.647" errors="0" timestamp="28 Oct 2021 09:40:45 GMT" skipped="0">
  <testcase classname="com.vtiger.project.Create" name="create" time="27.647"/>
</testsuite> <!-- com.vtiger.project.Create -->
