<?xml version="1.0" encoding="UTF-8"?>
<!-- Generated by org.testng.reporters.JUnitReportReporter -->
<testsuite hostname="DESKTOP-R9B8SV4" failures="0" tests="1" name="Practice.Practice23" time="0.161" errors="0" timestamp="2023-04-04T09:24:42 IST" skipped="0">
  <testcase classname="Practice.Practice23" name="test" time="0.161"/>
  <system-out/>
</testsuite> <!-- Practice.Practice23 -->
