<?xml version="1.0" encoding="UTF-8"?>
<!-- Generated by org.testng.reporters.JUnitReportReporter -->
<testsuite hostname="DESKTOP-varun" failures="0" tests="1" name="com.vtiger.pomtest.IndustryTest" time="25.323" errors="0" timestamp="02 Nov 2021 05:20:52 GMT" skipped="0">
  <testcase classname="com.vtiger.pomtest.IndustryTest" name="selectIndustry" time="25.323"/>
</testsuite> <!-- com.vtiger.pomtest.IndustryTest -->
