<?xml version="1.0" encoding="UTF-8"?>
<!-- Generated by org.testng.reporters.JUnitReportReporter -->
<testsuite hostname="DESKTOP-varun" failures="0" tests="1" name="com.vtiger.test.Create" time="14.288" errors="0" timestamp="28 Oct 2021 12:33:59 GMT" skipped="0">
  <testcase classname="com.vtiger.test.Create" name="create" time="14.288"/>
</testsuite> <!-- com.vtiger.test.Create -->
