<?xml version="1.0" encoding="UTF-8"?>
<!-- Generated by org.testng.reporters.JUnitReportReporter -->
<testsuite hostname="DESKTOP-varun" failures="0" tests="2" name="Practice.TestNG" time="0.020" errors="0" timestamp="2021-11-12T15:47:00 IST" skipped="0">
  <testcase classname="Practice.TestNG" name="xtest" time="0.004"/>
  <system-out/>
  <testcase classname="Practice.TestNG" name="atest" time="0.016"/>
  <system-out/>
</testsuite> <!-- Practice.TestNG -->
