<?xml version="1.0" encoding="UTF-8"?>
<!-- Generated by org.testng.reporters.JUnitReportReporter -->
<testsuite hostname="DESKTOP-varun" failures="0" tests="1" name="com.vtiger.test.CreateOrganizationTest" time="16.775" errors="0" timestamp="29 Oct 2021 07:44:00 GMT" skipped="0">
  <testcase classname="com.vtiger.test.CreateOrganizationTest" name="create" time="16.775"/>
</testsuite> <!-- com.vtiger.test.CreateOrganizationTest -->
