<?xml version="1.0" encoding="UTF-8"?>
<!-- Generated by org.testng.reporters.JUnitXMLReporter -->
<testsuite ignored="0" hostname="DESKTOP-varun" failures="0" tests="2" name="Test-1" time="52.053" errors="0" timestamp="2021-11-08T14:43:41 IST">
  <testcase classname="com.vtiger.pomtest.CreateOrganizationTest" name="createOrganization" time="17.864"/>
  <testcase classname="com.vtiger.pomtest.CreateOrganizationTest" name="createOrganizationWithIndustry_Type" time="14.594"/>
</testsuite> <!-- Test-1 -->
