<?xml version="1.0" encoding="UTF-8"?>
<!-- Generated by org.testng.reporters.JUnitXMLReporter -->
<testsuite ignored="0" hostname="DESKTOP-varun" failures="0" tests="3" name="Test-2" time="73.104" errors="0" timestamp="2021-11-08T14:44:02 IST">
  <testcase classname="com.vtiger.pomtest.CreateContactTest" name="createContact" time="16.553"/>
  <testcase classname="com.vtiger.pomtest.CreateContactTest" name="createContactWithOrgName" time="29.288"/>
  <testcase classname="com.vtiger.pomtest.CreateContactTest" name="organization" time="0.002"/>
</testsuite> <!-- Test-2 -->
